[www.beijomagico.com/index.html]
[cdn.jsdelivr.net/npm/bootstrap@4.5.3/dist/css/bootstrap.min.css]
[www.beijomagico.com/css/style.css]
[backblue.gif]
[fade.gif]
[index.html]
[www.beijomagico.com/img/kiss-icon.svg]
[www.beijomagico.com/img/logo-bjm.png]
[www.beijomagico.com/img/Sound Icon.svg]
[www.beijomagico.com/img/Flags-1.png]
[www.beijomagico.com/img/comentarios/1.jpg]
[www.beijomagico.com/img/comentarios/2.jpg]
[www.beijomagico.com/img/comentarios/3.jpg]
[www.beijomagico.com/img/comentarios/4.jpg]
[www.beijomagico.com/img/comentarios/5.jpg]
[www.beijomagico.com/img/comentarios/6.jpg]
[www.beijomagico.com/img/comentarios/7.jpg]
[www.beijomagico.com/img/comentarios/8.jpg]
[www.beijomagico.com/img/comentarios/9.jpg]
[www.beijomagico.com/img/comentarios/10.jpg]
[ajax.googleapis.com/ajax/libs/jquery/1.9.1/jquery.min.js]
[www.beijomagico.com/player-api.js]
[cdn.jsdelivr.net/npm/bootstrap@4.5.3/dist/js/bootstrap.bundle.min.js]
[www.beijomagico.com/scripts.js]
[www.beijomagico.com/index.html]
[cdnjs.cloudflare.com/ajax/libs/jquery.mask/1.14.16/jquery.mask.min.js]
[cdn.jsdelivr.net/npm/bootstrap@4.5.3/dist/css/bootstrap.min.css]
[www.beijomagico.com/img/HeroBG.png]
[www.beijomagico.com/img/upsell-bg.png]
[www.beijomagico.com/img/c-section-bg.png]
[www.beijomagico.com/img/v-check.svg]
[www.beijomagico.com/img/check-32.svg]
[www.beijomagico.com/img/up-check.svg]
[www.beijomagico.com/img/14.png]
[www.beijomagico.com/css/style.css]
[www.beijomagico.com/img/kiss-icon.svg]
[www.googletagmanager.com/gtm5445.html]
[www.beijomagico.com/img/Sound Icon.svg]
[www.beijomagico.com/img/v-check.svg]
[www.beijomagico.com/img/check-32.svg]
[www.beijomagico.com/img/up-check.svg]
